<?xml version="1.0" encoding="UTF-8"?>
<robot generator="Robot 7.2 (Python 3.13.1 on win32)" generated="2025-01-16T22:12:02.039085" rpa="false" schemaversion="5">
<suite id="s1" name="Formation Robot Framework" source="C:\Users\julie\Desktop\testing\robotframework_formation\formation_robot_framework">
<suite id="s1-s1" name="Robot Framework Formation" source="C:\Users\julie\Desktop\testing\robotframework_formation\formation_robot_framework\robot_framework_formation">
<suite id="s1-s1-s1" name="Formation Robot Framework" source="C:\Users\julie\Desktop\testing\robotframework_formation\formation_robot_framework\robot_framework_formation\formation_robot_framework">
<suite id="s1-s1-s1-s1" name="Tests" source="C:\Users\julie\Desktop\testing\robotframework_formation\formation_robot_framework\robot_framework_formation\formation_robot_framework\Tests">
<suite id="s1-s1-s1-s1-s1" name="Test Sauce Lab" source="C:\Users\julie\Desktop\testing\robotframework_formation\formation_robot_framework\robot_framework_formation\formation_robot_framework\Tests\test_sauce_lab.robot">
<test id="s1-s1-s1-s1-s1-t1" name="Passer Une Commande" line="18">
<kw name="Open Sauce" owner="sauce_lab_keywords">
<kw name="Open Browser" owner="SeleniumLibrary">
<msg time="2025-01-16T22:12:02.223870" level="INFO">Opening browser 'chrome' to base url 'https://www.saucedemo.com/v1/index.html'.</msg>
<arg>${URL}</arg>
<arg>${BROWSER}</arg>
<doc>Opens a new browser instance to the optional ``url``.</doc>
<status status="PASS" start="2025-01-16T22:12:02.223578" elapsed="1.248956"/>
</kw>
<kw name="Maximize Browser Window" owner="SeleniumLibrary">
<doc>Maximizes current browser window.</doc>
<status status="PASS" start="2025-01-16T22:12:03.472794" elapsed="0.026644"/>
</kw>
<doc>Open the browser</doc>
<status status="PASS" start="2025-01-16T22:12:02.222887" elapsed="1.276725"/>
</kw>
<kw name="Connexion" owner="sauce_lab_keywords">
<kw name="Input Text" owner="SeleniumLibrary">
<msg time="2025-01-16T22:12:03.500863" level="INFO">Typing text 'standard_user' into text field 'id=user-name'.</msg>
<arg>${CHAMP_USER}</arg>
<arg>${USERNAME}</arg>
<doc>Types the given ``text`` into the text field identified by ``locator``.</doc>
<status status="PASS" start="2025-01-16T22:12:03.500419" elapsed="0.065447"/>
</kw>
<kw name="Input Text" owner="SeleniumLibrary">
<msg time="2025-01-16T22:12:03.566550" level="INFO">Typing text 'secret_sauce' into text field 'id=password'.</msg>
<arg>${CHAMP_PASSWORD}</arg>
<arg>${PASSWORD}</arg>
<doc>Types the given ``text`` into the text field identified by ``locator``.</doc>
<status status="PASS" start="2025-01-16T22:12:03.566096" elapsed="0.050036"/>
</kw>
<kw name="Click Button" owner="SeleniumLibrary">
<msg time="2025-01-16T22:12:03.616716" level="INFO">Clicking button 'id=login-button'.</msg>
<arg>${BOUTON_LOGIN}</arg>
<doc>Clicks the button identified by ``locator``.</doc>
<status status="PASS" start="2025-01-16T22:12:03.616340" elapsed="0.156271"/>
</kw>
<arg>${USERNAME}[ok]</arg>
<arg>${PASSWORD}</arg>
<doc>Se connecter</doc>
<status status="PASS" start="2025-01-16T22:12:03.499914" elapsed="0.272876"/>
</kw>
<kw name="Trier Liste" owner="sauce_lab_keywords">
<kw name="Select From List By Value" owner="SeleniumLibrary">
<msg time="2025-01-16T22:12:03.773873" level="INFO">Selecting options from selection list 'class=product_sort_container' by value hilo.</msg>
<arg>${BOUTON_TRIER}</arg>
<arg>${VALUE}</arg>
<doc>Selects options from selection list ``locator`` by ``values``.</doc>
<status status="PASS" start="2025-01-16T22:12:03.773550" elapsed="0.048643"/>
</kw>
<arg>hilo</arg>
<doc>Trier la liste</doc>
<status status="PASS" start="2025-01-16T22:12:03.773120" elapsed="0.049249"/>
</kw>
<for flavor="IN">
<iter>
<kw name="Ajouter Produit Au Panier" owner="sauce_lab_keywords">
<kw name="Set Variable" owner="BuiltIn">
<msg time="2025-01-16T22:12:03.823823" level="INFO">${BOUTON_AJOUTER} = //div[@class='inventory_list']/div[1]//button[@class='btn_primary btn_inventory']</msg>
<var>${BOUTON_AJOUTER}</var>
<arg>//div[@class='inventory_list']/div[${produit}]//button[@class='btn_primary btn_inventory']</arg>
<doc>Returns the given values which can then be assigned to a variables.</doc>
<status status="PASS" start="2025-01-16T22:12:03.823533" elapsed="0.000395"/>
</kw>
<kw name="Wait Until Element Is Visible" owner="SeleniumLibrary">
<arg>${BOUTON_AJOUTER}</arg>
<arg>10s</arg>
<doc>Waits until the element ``locator`` is visible.</doc>
<status status="PASS" start="2025-01-16T22:12:03.824041" elapsed="0.012484"/>
</kw>
<kw name="Click Element" owner="SeleniumLibrary">
<msg time="2025-01-16T22:12:03.837042" level="INFO">Clicking element '//div[@class='inventory_list']/div[1]//button[@class='btn_primary btn_inventory']'.</msg>
<arg>${BOUTON_AJOUTER}</arg>
<doc>Click the element identified by ``locator``.</doc>
<status status="PASS" start="2025-01-16T22:12:03.836712" elapsed="0.033839"/>
</kw>
<kw name="Sleep" owner="BuiltIn">
<msg time="2025-01-16T22:12:05.871600" level="INFO">Slept 2 seconds.</msg>
<arg>2s</arg>
<doc>Pauses the test executed for the given time.</doc>
<status status="PASS" start="2025-01-16T22:12:03.870751" elapsed="2.001152"/>
</kw>
<arg>${produit}</arg>
<doc>Ajouter un produit au panier</doc>
<status status="PASS" start="2025-01-16T22:12:03.823169" elapsed="2.048885"/>
</kw>
<var name="${produit}">1</var>
<status status="PASS" start="2025-01-16T22:12:03.822929" elapsed="2.049205"/>
</iter>
<iter>
<kw name="Ajouter Produit Au Panier" owner="sauce_lab_keywords">
<kw name="Set Variable" owner="BuiltIn">
<msg time="2025-01-16T22:12:05.873181" level="INFO">${BOUTON_AJOUTER} = //div[@class='inventory_list']/div[2]//button[@class='btn_primary btn_inventory']</msg>
<var>${BOUTON_AJOUTER}</var>
<arg>//div[@class='inventory_list']/div[${produit}]//button[@class='btn_primary btn_inventory']</arg>
<doc>Returns the given values which can then be assigned to a variables.</doc>
<status status="PASS" start="2025-01-16T22:12:05.872935" elapsed="0.000326"/>
</kw>
<kw name="Wait Until Element Is Visible" owner="SeleniumLibrary">
<arg>${BOUTON_AJOUTER}</arg>
<arg>10s</arg>
<doc>Waits until the element ``locator`` is visible.</doc>
<status status="PASS" start="2025-01-16T22:12:05.873368" elapsed="0.010490"/>
</kw>
<kw name="Click Element" owner="SeleniumLibrary">
<msg time="2025-01-16T22:12:05.884256" level="INFO">Clicking element '//div[@class='inventory_list']/div[2]//button[@class='btn_primary btn_inventory']'.</msg>
<arg>${BOUTON_AJOUTER}</arg>
<doc>Click the element identified by ``locator``.</doc>
<status status="PASS" start="2025-01-16T22:12:05.883993" elapsed="0.027687"/>
</kw>
<kw name="Sleep" owner="BuiltIn">
<msg time="2025-01-16T22:12:07.912397" level="INFO">Slept 2 seconds.</msg>
<arg>2s</arg>
<doc>Pauses the test executed for the given time.</doc>
<status status="PASS" start="2025-01-16T22:12:05.911874" elapsed="2.000848"/>
</kw>
<arg>${produit}</arg>
<doc>Ajouter un produit au panier</doc>
<status status="PASS" start="2025-01-16T22:12:05.872576" elapsed="2.040294"/>
</kw>
<var name="${produit}">2</var>
<status status="PASS" start="2025-01-16T22:12:05.872286" elapsed="2.040650"/>
</iter>
<var>${produit}</var>
<value>@{PRODUITS}</value>
<status status="PASS" start="2025-01-16T22:12:03.822581" elapsed="4.090415"/>
</for>
<kw name="Ouvrir Le Panier" owner="sauce_lab_keywords">
<kw name="Click Element" owner="SeleniumLibrary">
<msg time="2025-01-16T22:12:07.913969" level="INFO">Clicking element 'class=shopping_cart_link'.</msg>
<arg>${BOUTON_PANIER}</arg>
<doc>Click the element identified by ``locator``.</doc>
<status status="PASS" start="2025-01-16T22:12:07.913683" elapsed="0.062923"/>
</kw>
<doc>Ouvrir le panier</doc>
<status status="PASS" start="2025-01-16T22:12:07.913269" elapsed="0.063504"/>
</kw>
<kw name="Compter Quantite Panier" owner="sauce_lab_keywords">
<kw name="Set Variable" owner="BuiltIn">
<msg time="2025-01-16T22:12:07.977788" level="INFO">${COMPTEUR} = 0</msg>
<var>${COMPTEUR}</var>
<arg>0</arg>
<doc>Returns the given values which can then be assigned to a variables.</doc>
<status status="PASS" start="2025-01-16T22:12:07.977552" elapsed="0.000401"/>
</kw>
<for flavor="IN">
<iter>
<kw name="Set Variable" owner="BuiltIn">
<msg time="2025-01-16T22:12:07.978891" level="INFO">${QUANTITE} = //div[@class='cart_list']/div[@class='cart_item'][1]//div[@class='cart_quantity']</msg>
<var>${QUANTITE}</var>
<arg>//div[@class='cart_list']/div[@class='cart_item'][${produit}]//div[@class='cart_quantity']</arg>
<doc>Returns the given values which can then be assigned to a variables.</doc>
<status status="PASS" start="2025-01-16T22:12:07.978615" elapsed="0.000372"/>
</kw>
<kw name="Element Should Be Visible" owner="SeleniumLibrary">
<msg time="2025-01-16T22:12:07.990347" level="INFO">Element '//div[@class='cart_list']/div[@class='cart_item'][1]//div[@class='cart_quantity']' is displayed.</msg>
<arg>${QUANTITE}</arg>
<doc>Verifies that the element identified by ``locator`` is visible.</doc>
<status status="PASS" start="2025-01-16T22:12:07.979120" elapsed="0.011441"/>
</kw>
<kw name="Evaluate" owner="BuiltIn">
<msg time="2025-01-16T22:12:07.991093" level="INFO">${COMPTEUR} = 1</msg>
<var>${COMPTEUR}</var>
<arg>${COMPTEUR}+1</arg>
<doc>Evaluates the given expression in Python and returns the result.</doc>
<status status="PASS" start="2025-01-16T22:12:07.990720" elapsed="0.000468"/>
</kw>
<var name="${produit}">1</var>
<status status="PASS" start="2025-01-16T22:12:07.978433" elapsed="0.012824"/>
</iter>
<iter>
<kw name="Set Variable" owner="BuiltIn">
<msg time="2025-01-16T22:12:07.991745" level="INFO">${QUANTITE} = //div[@class='cart_list']/div[@class='cart_item'][2]//div[@class='cart_quantity']</msg>
<var>${QUANTITE}</var>
<arg>//div[@class='cart_list']/div[@class='cart_item'][${produit}]//div[@class='cart_quantity']</arg>
<doc>Returns the given values which can then be assigned to a variables.</doc>
<status status="PASS" start="2025-01-16T22:12:07.991519" elapsed="0.000693"/>
</kw>
<kw name="Element Should Be Visible" owner="SeleniumLibrary">
<msg time="2025-01-16T22:12:08.001552" level="INFO">Element '//div[@class='cart_list']/div[@class='cart_item'][2]//div[@class='cart_quantity']' is displayed.</msg>
<arg>${QUANTITE}</arg>
<doc>Verifies that the element identified by ``locator`` is visible.</doc>
<status status="PASS" start="2025-01-16T22:12:07.992321" elapsed="0.009412"/>
</kw>
<kw name="Evaluate" owner="BuiltIn">
<msg time="2025-01-16T22:12:08.002261" level="INFO">${COMPTEUR} = 2</msg>
<var>${COMPTEUR}</var>
<arg>${COMPTEUR}+1</arg>
<doc>Evaluates the given expression in Python and returns the result.</doc>
<status status="PASS" start="2025-01-16T22:12:08.001897" elapsed="0.000450"/>
</kw>
<var name="${produit}">2</var>
<status status="PASS" start="2025-01-16T22:12:07.991360" elapsed="0.011065"/>
</iter>
<var>${produit}</var>
<value>@{PRODUITS}</value>
<status status="PASS" start="2025-01-16T22:12:07.978176" elapsed="0.024309"/>
</for>
<return>
<value>${COMPTEUR}</value>
<status status="PASS" start="2025-01-16T22:12:08.002564" elapsed="0.000200"/>
</return>
<msg time="2025-01-16T22:12:08.002884" level="INFO">${COMPTEUR} = 2</msg>
<var>${COMPTEUR}</var>
<arg>${PRODUITS}</arg>
<doc>Compter la quantite de produit dans le panier</doc>
<status status="PASS" start="2025-01-16T22:12:07.977110" elapsed="0.025861"/>
</kw>
<kw name="Should Be Equal" owner="BuiltIn">
<arg>(integer)${COMPTEUR}</arg>
<arg>(integer)2</arg>
<doc>Fails if the given objects are unequal.</doc>
<status status="PASS" start="2025-01-16T22:12:08.003191" elapsed="0.000235"/>
</kw>
<doc>Passer une commande</doc>
<status status="PASS" start="2025-01-16T22:12:02.222055" elapsed="5.781533"/>
</test>
<status status="PASS" start="2025-01-16T22:12:02.059162" elapsed="5.945084"/>
</suite>
<status status="PASS" start="2025-01-16T22:12:02.057762" elapsed="5.947487"/>
</suite>
<status status="PASS" start="2025-01-16T22:12:02.056595" elapsed="5.949453"/>
</suite>
<status status="PASS" start="2025-01-16T22:12:02.055198" elapsed="5.951626"/>
</suite>
<status status="PASS" start="2025-01-16T22:12:02.041841" elapsed="5.965722"/>
</suite>
<statistics>
<total>
<stat pass="1" fail="0" skip="0">All Tests</stat>
</total>
<tag>
</tag>
<suite>
<stat name="Formation Robot Framework" id="s1" pass="1" fail="0" skip="0">Formation Robot Framework</stat>
<stat name="Robot Framework Formation" id="s1-s1" pass="1" fail="0" skip="0">Formation Robot Framework.Robot Framework Formation</stat>
<stat name="Formation Robot Framework" id="s1-s1-s1" pass="1" fail="0" skip="0">Formation Robot Framework.Robot Framework Formation.Formation Robot Framework</stat>
<stat name="Tests" id="s1-s1-s1-s1" pass="1" fail="0" skip="0">Formation Robot Framework.Robot Framework Formation.Formation Robot Framework.Tests</stat>
<stat name="Test Sauce Lab" id="s1-s1-s1-s1-s1" pass="1" fail="0" skip="0">Formation Robot Framework.Robot Framework Formation.Formation Robot Framework.Tests.Test Sauce Lab</stat>
</suite>
</statistics>
<errors>
</errors>
</robot>
